<?xml version="1.0" encoding="UTF-8"?>
<!-- Generated by org.testng.reporters.JUnitXMLReporter -->
<testsuite ignored="0" hostname="Malhotras-MacBook-Air.local" failures="0" tests="5" name="TC01_LoginFlow" time="13.943" errors="0" timestamp="2023-12-19T01:01:37 IST">
  <testcase classname="com.Project.TestCases.TC01_LoginFlow" name="loginFlowTest" time="1.449"/>
  <testcase classname="com.Project.TestCases.TC01_LoginFlow" name="loginFlow" time="0.623"/>
  <testcase classname="com.Project.TestCases.TC02_PlaceAnOrder" name="loginFlowTest" time="1.471"/>
  <testcase classname="com.Project.TestCases.TC02_PlaceAnOrder" name="loginFlow" time="0.794"/>
  <testcase classname="com.Project.TestCases.TC02_PlaceAnOrder" name="productCheckout" time="1.203"/>
</testsuite> <!-- TC01_LoginFlow -->
