<?xml version="1.0" encoding="UTF-8"?>
<!-- Generated by org.testng.reporters.JUnitXMLReporter -->
<testsuite ignored="0" hostname="Malhotras-MacBook-Air.local" failures="0" tests="1" name="TC01_LoginFlowTest" time="3.97" errors="0" timestamp="2023-12-18T16:36:54 IST">
  <testcase classname="com.Project.TestCases.BaseClass" name="@BeforeClass browserSetup" time="3.906">
    <failure type="org.apache.logging.log4j.core.config.ConfigurationException" message="No name attribute provided for Logger file">
      <![CDATA[org.apache.logging.log4j.core.config.ConfigurationException: No name attribute provided for Logger file
at org.apache.logging.log4j.core.config.properties.PropertiesConfigurationBuilder.createLogger(PropertiesConfigurationBuilder.java:260)
at org.apache.logging.log4j.core.config.properties.PropertiesConfigurationBuilder.build(PropertiesConfigurationBuilder.java:167)
at org.apache.logging.log4j.core.config.properties.PropertiesConfigurationFactory.getConfiguration(PropertiesConfigurationFactory.java:56)
at org.apache.logging.log4j.core.config.properties.PropertiesConfigurationFactory.getConfiguration(PropertiesConfigurationFactory.java:34)
at org.apache.logging.log4j.core.config.ConfigurationFactory$Factory.getConfiguration(ConfigurationFactory.java:544)
at org.apache.logging.log4j.core.config.ConfigurationFactory$Factory.getConfiguration(ConfigurationFactory.java:463)
at org.apache.logging.log4j.core.config.ConfigurationFactory.getConfiguration(ConfigurationFactory.java:321)
at org.apache.logging.log4j.core.LoggerContext.reconfigure(LoggerContext.java:705)
at org.apache.logging.log4j.core.LoggerContext.reconfigure(LoggerContext.java:735)
at org.apache.logging.log4j.core.LoggerContext.start(LoggerContext.java:260)
at org.apache.logging.log4j.core.impl.Log4jContextFactory.getContext(Log4jContextFactory.java:258)
at org.apache.logging.log4j.core.impl.Log4jContextFactory.getContext(Log4jContextFactory.java:46)
at org.apache.logging.log4j.LogManager.getContext(LogManager.java:177)
at org.apache.logging.log4j.LogManager.getLogger(LogManager.java:678)
at com.Project.TestCases.BaseClass.browserSetup(BaseClass.java:54)
at java.base/java.util.ArrayList.forEach(ArrayList.java:1511)
... Removed 25 stack frames]]>
    </failure>
  </testcase> <!-- @BeforeClass browserSetup -->
  <testcase classname="com.Project.TestCases.BaseClass" name="@AfterClass tearDown" time="0.0">
    <skipped/>
  </testcase> <!-- @AfterClass tearDown -->
  <testcase classname="com.Project.TestCases.TC01_LoginFlow" name="loginFlowTest" time="0.0">
    <skipped/>
  </testcase> <!-- loginFlowTest -->
</testsuite> <!-- TC01_LoginFlowTest -->
